<?xml version="1.0" encoding="UTF-8"?>
<!-- Generated by org.testng.reporters.JUnitReportReporter -->
<testsuite hostname="DESKTOP-PRML7PU" failures="0" tests="1" name="com.crm.qa.testcases.HomePageTest" time="0.046" errors="0" timestamp="2022-12-02T09:57:43 IST" skipped="0">
  <testcase classname="com.crm.qa.testcases.HomePageTest" name="VerifyTitleTest" time="0.046"/>
  <system-out/>
</testsuite> <!-- com.crm.qa.testcases.HomePageTest -->
